{"/Users/Nuttapong/bloghub/src/EditPost.vue": {"path":"/Users/Nuttapong/bloghub/src/EditPost.vue","statementMap":{"0":{"start":{"line":2,"column":0},"end":{"line":2,"column":null}},"1":{"start":{"line":3,"column":0},"end":{"line":3,"column":null}},"2":{"start":{"line":4,"column":0},"end":{"line":4,"column":null}},"3":{"start":{"line":6,"column":0},"end":{"line":6,"column":null}}},"fnMap":{},"branchMap":{},"s":{"0":1,"1":1,"2":1,"3":1},"f":{},"b":{}}
,"/Users/Nuttapong/bloghub/src/Home.vue": {"path":"/Users/Nuttapong/bloghub/src/Home.vue","statementMap":{"0":{"start":{"line":2,"column":0},"end":{"line":2,"column":null}},"1":{"start":{"line":3,"column":0},"end":{"line":3,"column":null}},"2":{"start":{"line":4,"column":0},"end":{"line":4,"column":null}},"3":{"start":{"line":6,"column":0},"end":{"line":6,"column":null}}},"fnMap":{},"branchMap":{},"s":{"0":2,"1":2,"2":2,"3":2},"f":{},"b":{}}
,"/Users/Nuttapong/bloghub/src/NewPost.vue": {"path":"/Users/Nuttapong/bloghub/src/NewPost.vue","statementMap":{"0":{"start":{"line":2,"column":0},"end":{"line":2,"column":null}},"1":{"start":{"line":3,"column":0},"end":{"line":3,"column":null}},"2":{"start":{"line":5,"column":0},"end":{"line":5,"column":null}},"3":{"start":{"line":6,"column":0},"end":{"line":6,"column":null}},"4":{"start":{"line":7,"column":0},"end":{"line":7,"column":null}},"5":{"start":{"line":9,"column":0},"end":{"line":9,"column":null}},"6":{"start":{"line":16,"column":0},"end":{"line":16,"column":null}},"7":{"start":{"line":17,"column":0},"end":{"line":17,"column":null}},"8":{"start":{"line":18,"column":0},"end":{"line":18,"column":null}},"9":{"start":{"line":19,"column":0},"end":{"line":19,"column":null}},"10":{"start":{"line":20,"column":0},"end":{"line":20,"column":null}},"11":{"start":{"line":24,"column":0},"end":{"line":24,"column":null}},"12":{"start":{"line":34,"column":0},"end":{"line":37,"column":null}},"13":{"start":{"line":35,"column":0},"end":{"line":35,"column":null}},"14":{"start":{"line":36,"column":0},"end":{"line":36,"column":null}},"15":{"start":{"line":39,"column":0},"end":{"line":39,"column":null}}},"fnMap":{"0":{"name":"(anonymous_14)","decl":{"start":{"line":16,"column":0},"end":{"line":16,"column":null}},"loc":{"start":{"line":16,"column":0},"end":{"line":43,"column":null}}},"1":{"name":"(anonymous_15)","decl":{"start":{"line":34,"column":0},"end":{"line":34,"column":null}},"loc":{"start":{"line":34,"column":0},"end":{"line":37,"column":null}}}},"branchMap":{"0":{"loc":{"start":{"line":20,"column":0},"end":{"line":20,"column":null}},"type":"cond-expr","locations":[{"start":{"line":20,"column":0},"end":{"line":20,"column":null}},{"start":{"line":20,"column":0},"end":{"line":20,"column":null}}]}},"s":{"0":2,"1":2,"2":2,"3":2,"4":2,"5":2,"6":1,"7":1,"8":1,"9":1,"10":1,"11":1,"12":1,"13":2,"14":1,"15":1},"f":{"0":1,"1":1},"b":{"0":[0,1]}}
,"/Users/Nuttapong/bloghub/src/PostEditor.vue": {"path":"/Users/Nuttapong/bloghub/src/PostEditor.vue","statementMap":{"0":{"start":{"line":2,"column":0},"end":{"line":2,"column":null}},"1":{"start":{"line":3,"column":0},"end":{"line":3,"column":null}},"2":{"start":{"line":5,"column":0},"end":{"line":5,"column":null}},"3":{"start":{"line":6,"column":0},"end":{"line":6,"column":null}},"4":{"start":{"line":8,"column":0},"end":{"line":8,"column":null}},"5":{"start":{"line":14,"column":0},"end":{"line":14,"column":null}},"6":{"start":{"line":15,"column":0},"end":{"line":15,"column":null}},"7":{"start":{"line":16,"column":0},"end":{"line":16,"column":null}},"8":{"start":{"line":17,"column":0},"end":{"line":17,"column":null}},"9":{"start":{"line":20,"column":0},"end":{"line":20,"column":null}},"10":{"start":{"line":23,"column":0},"end":{"line":23,"column":null}},"11":{"start":{"line":24,"column":0},"end":{"line":24,"column":null}},"12":{"start":{"line":26,"column":0},"end":{"line":28,"column":null}},"13":{"start":{"line":27,"column":0},"end":{"line":27,"column":null}},"14":{"start":{"line":30,"column":0},"end":{"line":33,"column":null}},"15":{"start":{"line":31,"column":0},"end":{"line":31,"column":null}},"16":{"start":{"line":32,"column":0},"end":{"line":32,"column":null}},"17":{"start":{"line":35,"column":0},"end":{"line":35,"column":null}}},"fnMap":{"0":{"name":"(anonymous_14)","decl":{"start":{"line":13,"column":0},"end":{"line":13,"column":null}},"loc":{"start":{"line":13,"column":0},"end":{"line":40,"column":null}}},"1":{"name":"(anonymous_17)","decl":{"start":{"line":30,"column":0},"end":{"line":30,"column":null}},"loc":{"start":{"line":30,"column":0},"end":{"line":33,"column":null}}}},"branchMap":{"0":{"loc":{"start":{"line":26,"column":0},"end":{"line":28,"column":null}},"type":"if","locations":[{"start":{"line":26,"column":0},"end":{"line":28,"column":null}},{"start":{"line":26,"column":0},"end":{"line":28,"column":null}}]}},"s":{"0":1,"1":1,"2":1,"3":1,"4":1,"5":0,"6":0,"7":0,"8":0,"9":0,"10":0,"11":0,"12":0,"13":0,"14":0,"15":0,"16":0,"17":0},"f":{"0":0,"1":0},"b":{"0":[0,0]}}
,"/Users/Nuttapong/bloghub/src/PostViewer.vue": {"path":"/Users/Nuttapong/bloghub/src/PostViewer.vue","statementMap":{"0":{"start":{"line":2,"column":0},"end":{"line":2,"column":null}},"1":{"start":{"line":3,"column":0},"end":{"line":3,"column":null}},"2":{"start":{"line":4,"column":0},"end":{"line":4,"column":null}},"3":{"start":{"line":6,"column":0},"end":{"line":6,"column":null}},"4":{"start":{"line":8,"column":0},"end":{"line":8,"column":null}},"5":{"start":{"line":9,"column":0},"end":{"line":9,"column":null}},"6":{"start":{"line":10,"column":0},"end":{"line":10,"column":null}},"7":{"start":{"line":13,"column":0},"end":{"line":13,"column":null}},"8":{"start":{"line":16,"column":0},"end":{"line":16,"column":null}},"9":{"start":{"line":17,"column":0},"end":{"line":19,"column":null}},"10":{"start":{"line":19,"column":0},"end":{"line":19,"column":null}},"11":{"start":{"line":22,"column":0},"end":{"line":22,"column":null}}},"fnMap":{"0":{"name":"(anonymous_13)","decl":{"start":{"line":7,"column":0},"end":{"line":7,"column":null}},"loc":{"start":{"line":7,"column":0},"end":{"line":27,"column":null}}},"1":{"name":"(anonymous_16)","decl":{"start":{"line":17,"column":0},"end":{"line":17,"column":null}},"loc":{"start":{"line":17,"column":0},"end":{"line":19,"column":null}}}},"branchMap":{},"s":{"0":1,"1":1,"2":1,"3":1,"4":3,"5":3,"6":3,"7":6,"8":3,"9":3,"10":3,"11":3},"f":{"0":3,"1":3},"b":{}}
,"/Users/Nuttapong/bloghub/src/PostWriter.vue": {"path":"/Users/Nuttapong/bloghub/src/PostWriter.vue","statementMap":{"0":{"start":{"line":2,"column":0},"end":{"line":2,"column":null}},"1":{"start":{"line":5,"column":0},"end":{"line":5,"column":null}},"2":{"start":{"line":6,"column":0},"end":{"line":6,"column":null}},"3":{"start":{"line":7,"column":0},"end":{"line":7,"column":null}},"4":{"start":{"line":9,"column":0},"end":{"line":9,"column":null}},"5":{"start":{"line":19,"column":0},"end":{"line":19,"column":null}},"6":{"start":{"line":21,"column":0},"end":{"line":21,"column":null}},"7":{"start":{"line":22,"column":0},"end":{"line":22,"column":null}},"8":{"start":{"line":23,"column":0},"end":{"line":23,"column":null}},"9":{"start":{"line":24,"column":0},"end":{"line":24,"column":null}},"10":{"start":{"line":26,"column":0},"end":{"line":26,"column":null}},"11":{"start":{"line":27,"column":0},"end":{"line":27,"column":null}},"12":{"start":{"line":29,"column":0},"end":{"line":29,"column":null}},"13":{"start":{"line":30,"column":0},"end":{"line":30,"column":null}},"14":{"start":{"line":31,"column":0},"end":{"line":35,"column":null}},"15":{"start":{"line":32,"column":0},"end":{"line":32,"column":null}},"16":{"start":{"line":34,"column":0},"end":{"line":34,"column":null}},"17":{"start":{"line":36,"column":0},"end":{"line":38,"column":null}},"18":{"start":{"line":37,"column":0},"end":{"line":37,"column":null}},"19":{"start":{"line":40,"column":0},"end":{"line":40,"column":null}},"20":{"start":{"line":41,"column":0},"end":{"line":41,"column":null}},"21":{"start":{"line":44,"column":0},"end":{"line":46,"column":null}},"22":{"start":{"line":45,"column":0},"end":{"line":45,"column":null}},"23":{"start":{"line":48,"column":0},"end":{"line":57,"column":null}},"24":{"start":{"line":49,"column":0},"end":{"line":50,"column":null}},"25":{"start":{"line":56,"column":0},"end":{"line":56,"column":null}},"26":{"start":{"line":59,"column":0},"end":{"line":61,"column":null}},"27":{"start":{"line":60,"column":0},"end":{"line":60,"column":null}},"28":{"start":{"line":63,"column":0},"end":{"line":63,"column":null}},"29":{"start":{"line":65,"column":0},"end":{"line":67,"column":null}},"30":{"start":{"line":66,"column":0},"end":{"line":66,"column":null}},"31":{"start":{"line":69,"column":0},"end":{"line":69,"column":null}}},"fnMap":{"0":{"name":"(anonymous_3)","decl":{"start":{"line":18,"column":0},"end":{"line":18,"column":null}},"loc":{"start":{"line":18,"column":0},"end":{"line":82,"column":null}}},"1":{"name":"(anonymous_4)","decl":{"start":{"line":30,"column":0},"end":{"line":30,"column":null}},"loc":{"start":{"line":30,"column":0},"end":{"line":30,"column":null}}},"2":{"name":"(anonymous_5)","decl":{"start":{"line":31,"column":0},"end":{"line":31,"column":null}},"loc":{"start":{"line":31,"column":0},"end":{"line":35,"column":null}}},"3":{"name":"(anonymous_6)","decl":{"start":{"line":36,"column":0},"end":{"line":36,"column":null}},"loc":{"start":{"line":36,"column":0},"end":{"line":38,"column":null}}},"4":{"name":"(anonymous_7)","decl":{"start":{"line":41,"column":0},"end":{"line":41,"column":null}},"loc":{"start":{"line":41,"column":0},"end":{"line":41,"column":null}}},"5":{"name":"(anonymous_8)","decl":{"start":{"line":44,"column":0},"end":{"line":44,"column":null}},"loc":{"start":{"line":44,"column":0},"end":{"line":46,"column":null}}},"6":{"name":"(anonymous_9)","decl":{"start":{"line":48,"column":0},"end":{"line":48,"column":null}},"loc":{"start":{"line":48,"column":0},"end":{"line":57,"column":null}}},"7":{"name":"(anonymous_10)","decl":{"start":{"line":59,"column":0},"end":{"line":59,"column":null}},"loc":{"start":{"line":59,"column":0},"end":{"line":61,"column":null}}},"8":{"name":"(anonymous_11)","decl":{"start":{"line":63,"column":0},"end":{"line":63,"column":null}},"loc":{"start":{"line":63,"column":0},"end":{"line":63,"column":null}}},"9":{"name":"(anonymous_12)","decl":{"start":{"line":65,"column":0},"end":{"line":65,"column":null}},"loc":{"start":{"line":65,"column":0},"end":{"line":67,"column":null}}}},"branchMap":{"0":{"loc":{"start":{"line":26,"column":0},"end":{"line":26,"column":null}},"type":"cond-expr","locations":[{"start":{"line":26,"column":0},"end":{"line":26,"column":null}},{"start":{"line":26,"column":0},"end":{"line":26,"column":null}}]}},"s":{"0":3,"1":3,"2":3,"3":3,"4":3,"5":2,"6":2,"7":2,"8":2,"9":2,"10":2,"11":2,"12":2,"13":4,"14":2,"15":0,"16":0,"17":2,"18":0,"19":2,"20":0,"21":2,"22":1,"23":2,"24":2,"25":2,"26":2,"27":1,"28":5,"29":2,"30":2,"31":2},"f":{"0":2,"1":2,"2":0,"3":0,"4":0,"5":1,"6":2,"7":1,"8":3,"9":2},"b":{"0":[0,2]}}
,"/Users/Nuttapong/bloghub/src/ShowPost.vue": {"path":"/Users/Nuttapong/bloghub/src/ShowPost.vue","statementMap":{"0":{"start":{"line":2,"column":0},"end":{"line":2,"column":null}},"1":{"start":{"line":3,"column":0},"end":{"line":3,"column":null}},"2":{"start":{"line":4,"column":0},"end":{"line":4,"column":null}},"3":{"start":{"line":6,"column":0},"end":{"line":6,"column":null}}},"fnMap":{},"branchMap":{},"s":{"0":1,"1":1,"2":1,"3":1},"f":{},"b":{}}
,"/Users/Nuttapong/bloghub/src/Timeline.vue": {"path":"/Users/Nuttapong/bloghub/src/Timeline.vue","statementMap":{"0":{"start":{"line":2,"column":0},"end":{"line":2,"column":null}},"1":{"start":{"line":3,"column":0},"end":{"line":3,"column":null}},"2":{"start":{"line":4,"column":0},"end":{"line":4,"column":null}},"3":{"start":{"line":7,"column":0},"end":{"line":7,"column":null}},"4":{"start":{"line":9,"column":0},"end":{"line":9,"column":null}},"5":{"start":{"line":15,"column":0},"end":{"line":15,"column":null}},"6":{"start":{"line":16,"column":0},"end":{"line":16,"column":null}},"7":{"start":{"line":18,"column":0},"end":{"line":18,"column":null}},"8":{"start":{"line":20,"column":0},"end":{"line":20,"column":null}},"9":{"start":{"line":23,"column":0},"end":{"line":26,"column":null}},"10":{"start":{"line":24,"column":0},"end":{"line":24,"column":null}},"11":{"start":{"line":25,"column":0},"end":{"line":25,"column":null}},"12":{"start":{"line":28,"column":0},"end":{"line":52,"column":null}},"13":{"start":{"line":29,"column":0},"end":{"line":52,"column":null}},"14":{"start":{"line":30,"column":0},"end":{"line":35,"column":null}},"15":{"start":{"line":34,"column":0},"end":{"line":34,"column":null}},"16":{"start":{"line":37,"column":0},"end":{"line":42,"column":null}},"17":{"start":{"line":41,"column":0},"end":{"line":41,"column":null}},"18":{"start":{"line":44,"column":0},"end":{"line":49,"column":null}},"19":{"start":{"line":48,"column":0},"end":{"line":48,"column":null}},"20":{"start":{"line":51,"column":0},"end":{"line":51,"column":null}},"21":{"start":{"line":55,"column":0},"end":{"line":57,"column":null}},"22":{"start":{"line":56,"column":0},"end":{"line":56,"column":null}},"23":{"start":{"line":59,"column":0},"end":{"line":59,"column":null}}},"fnMap":{"0":{"name":"(anonymous_14)","decl":{"start":{"line":14,"column":0},"end":{"line":14,"column":null}},"loc":{"start":{"line":14,"column":0},"end":{"line":65,"column":null}}},"1":{"name":"(anonymous_17)","decl":{"start":{"line":23,"column":0},"end":{"line":23,"column":null}},"loc":{"start":{"line":23,"column":0},"end":{"line":26,"column":null}}},"2":{"name":"(anonymous_18)","decl":{"start":{"line":28,"column":0},"end":{"line":28,"column":null}},"loc":{"start":{"line":28,"column":0},"end":{"line":52,"column":null}}},"3":{"name":"(anonymous_19)","decl":{"start":{"line":29,"column":0},"end":{"line":29,"column":null}},"loc":{"start":{"line":29,"column":0},"end":{"line":52,"column":null}}},"4":{"name":"(anonymous_20)","decl":{"start":{"line":55,"column":0},"end":{"line":55,"column":null}},"loc":{"start":{"line":55,"column":0},"end":{"line":57,"column":null}}}},"branchMap":{"0":{"loc":{"start":{"line":30,"column":0},"end":{"line":35,"column":null}},"type":"if","locations":[{"start":{"line":30,"column":0},"end":{"line":35,"column":null}},{"start":{"line":30,"column":0},"end":{"line":35,"column":null}}]},"1":{"loc":{"start":{"line":30,"column":0},"end":{"line":30,"column":null}},"type":"binary-expr","locations":[{"start":{"line":30,"column":0},"end":{"line":30,"column":null}},{"start":{"line":30,"column":0},"end":{"line":30,"column":null}}]},"2":{"loc":{"start":{"line":37,"column":0},"end":{"line":42,"column":null}},"type":"if","locations":[{"start":{"line":37,"column":0},"end":{"line":42,"column":null}},{"start":{"line":37,"column":0},"end":{"line":42,"column":null}}]},"3":{"loc":{"start":{"line":37,"column":0},"end":{"line":37,"column":null}},"type":"binary-expr","locations":[{"start":{"line":37,"column":0},"end":{"line":37,"column":null}},{"start":{"line":37,"column":0},"end":{"line":37,"column":null}}]},"4":{"loc":{"start":{"line":44,"column":0},"end":{"line":49,"column":null}},"type":"if","locations":[{"start":{"line":44,"column":0},"end":{"line":49,"column":null}},{"start":{"line":44,"column":0},"end":{"line":49,"column":null}}]},"5":{"loc":{"start":{"line":44,"column":0},"end":{"line":44,"column":null}},"type":"binary-expr","locations":[{"start":{"line":44,"column":0},"end":{"line":44,"column":null}},{"start":{"line":44,"column":0},"end":{"line":44,"column":null}}]}},"s":{"0":2,"1":2,"2":2,"3":2,"4":2,"5":4,"6":4,"7":4,"8":8,"9":4,"10":12,"11":12,"12":4,"13":8,"14":24,"15":4,"16":20,"17":4,"18":16,"19":6,"20":10,"21":4,"22":4,"23":4},"f":{"0":4,"1":12,"2":8,"3":24,"4":4},"b":{"0":[4,20],"1":[24,12],"2":[4,16],"3":[20,6],"4":[6,10],"5":[16,6]}}
,"/Users/Nuttapong/bloghub/src/TimelinePost.vue": {"path":"/Users/Nuttapong/bloghub/src/TimelinePost.vue","statementMap":{"0":{"start":{"line":2,"column":0},"end":{"line":2,"column":null}},"1":{"start":{"line":5,"column":0},"end":{"line":5,"column":null}},"2":{"start":{"line":14,"column":0},"end":{"line":14,"column":null}}},"fnMap":{"0":{"name":"(anonymous_0)","decl":{"start":{"line":13,"column":0},"end":{"line":13,"column":null}},"loc":{"start":{"line":13,"column":0},"end":{"line":17,"column":null}}}},"branchMap":{},"s":{"0":2,"1":2,"2":8},"f":{"0":8},"b":{}}
,"/Users/Nuttapong/bloghub/src/mocks.ts": {"path":"/Users/Nuttapong/bloghub/src/mocks.ts","statementMap":{"0":{"start":{"line":2,"column":0},"end":{"line":2,"column":28}},"1":{"start":{"line":3,"column":0},"end":{"line":3,"column":56}},"2":{"start":{"line":4,"column":0},"end":{"line":4,"column":48}},"3":{"start":{"line":5,"column":0},"end":{"line":5,"column":54}},"4":{"start":{"line":6,"column":0},"end":{"line":6,"column":46}},"5":{"start":{"line":7,"column":0},"end":{"line":7,"column":58}},"6":{"start":{"line":8,"column":0},"end":{"line":8,"column":50}},"7":{"start":{"line":10,"column":13},"end":{"line":18,"column":null}},"8":{"start":{"line":20,"column":13},"end":{"line":25,"column":null}},"9":{"start":{"line":28,"column":13},"end":{"line":34,"column":null}},"10":{"start":{"line":37,"column":13},"end":{"line":43,"column":null}},"11":{"start":{"line":46,"column":13},"end":{"line":53,"column":null}},"12":{"start":{"line":56,"column":13},"end":{"line":63,"column":null}},"13":{"start":{"line":66,"column":13},"end":{"line":73,"column":null}}},"fnMap":{},"branchMap":{},"s":{"0":3,"1":3,"2":3,"3":3,"4":3,"5":3,"6":3,"7":3,"8":3,"9":3,"10":3,"11":3,"12":3,"13":3},"f":{},"b":{}}
,"/Users/Nuttapong/bloghub/src/router.ts": {"path":"/Users/Nuttapong/bloghub/src/router.ts","statementMap":{"0":{"start":{"line":1,"column":0},"end":{"line":1,"column":59}},"1":{"start":{"line":3,"column":0},"end":{"line":3,"column":29}},"2":{"start":{"line":4,"column":0},"end":{"line":4,"column":35}},"3":{"start":{"line":5,"column":0},"end":{"line":5,"column":37}},"4":{"start":{"line":6,"column":0},"end":{"line":6,"column":37}},"5":{"start":{"line":7,"column":0},"end":{"line":7,"column":31}},"6":{"start":{"line":9,"column":15},"end":{"line":36,"column":null}},"7":{"start":{"line":38,"column":13},"end":{"line":41,"column":null}},"8":{"start":{"line":43,"column":13},"end":{"line":46,"column":null}},"9":{"start":{"line":43,"column":32},"end":{"line":46,"column":null}},"10":{"start":{"line":48,"column":0},"end":{"line":56,"column":null}},"11":{"start":{"line":49,"column":2},"end":{"line":55,"column":null}},"12":{"start":{"line":50,"column":4},"end":{"line":52,"column":null}},"13":{"start":{"line":54,"column":4},"end":{"line":54,"column":null}}},"fnMap":{"0":{"name":"(anonymous_1)","decl":{"start":{"line":43,"column":26},"end":{"line":43,"column":32}},"loc":{"start":{"line":43,"column":26},"end":{"line":43,"column":44}}},"1":{"name":"(anonymous_2)","decl":{"start":{"line":48,"column":18},"end":{"line":48,"column":19}},"loc":{"start":{"line":48,"column":33},"end":{"line":56,"column":1}}}},"branchMap":{"0":{"loc":{"start":{"line":39,"column":68},"end":{"line":39,"column":77}},"type":"cond-expr","locations":[{"start":{"line":39,"column":68},"end":{"line":39,"column":77}},{"start":{"line":39,"column":80},"end":{"line":39,"column":82}}]},"1":{"loc":{"start":{"line":49,"column":2},"end":{"line":55,"column":null}},"type":"if","locations":[{"start":{"line":49,"column":2},"end":{"line":55,"column":null}},{"start":{"line":49,"column":2},"end":{"line":55,"column":null}}]},"2":{"loc":{"start":{"line":49,"column":6},"end":{"line":49,"column":26}},"type":"binary-expr","locations":[{"start":{"line":49,"column":6},"end":{"line":49,"column":26}},{"start":{"line":49,"column":30},"end":{"line":49,"column":69}}]}},"s":{"0":1,"1":1,"2":1,"3":1,"4":1,"5":1,"6":1,"7":1,"8":1,"9":3,"10":1,"11":0,"12":0,"13":0},"f":{"0":3,"1":0},"b":{"0":[0,1],"1":[0,0],"2":[0,0]}}
,"/Users/Nuttapong/bloghub/src/store.ts": {"path":"/Users/Nuttapong/bloghub/src/store.ts","statementMap":{"0":{"start":{"line":1,"column":0},"end":{"line":1,"column":58}},"1":{"start":{"line":2,"column":0},"end":{"line":2,"column":26}},"2":{"start":{"line":25,"column":28},"end":{"line":25,"column":49}},"3":{"start":{"line":25,"column":48},"end":{"line":30,"column":3}},"4":{"start":{"line":32,"column":26},"end":{"line":32,"column":45}},"5":{"start":{"line":32,"column":44},"end":{"line":36,"column":3}},"6":{"start":{"line":38,"column":13},"end":{"line":41,"column":3}},"7":{"start":{"line":38,"column":41},"end":{"line":41,"column":3}},"8":{"start":{"line":43,"column":0},"end":{"line":43,"column":null}},"9":{"start":{"line":47,"column":4},"end":{"line":47,"column":40}},"10":{"start":{"line":50,"column":9},"end":{"line":52,"column":null}},"11":{"start":{"line":51,"column":4},"end":{"line":51,"column":22}},"12":{"start":{"line":54,"column":8},"end":{"line":59,"column":null}},"13":{"start":{"line":55,"column":21},"end":{"line":55,"column":null}},"14":{"start":{"line":55,"column":10},"end":{"line":55,"column":null}},"15":{"start":{"line":56,"column":4},"end":{"line":56,"column":61}},"16":{"start":{"line":57,"column":4},"end":{"line":57,"column":61}},"17":{"start":{"line":58,"column":4},"end":{"line":58,"column":67}},"18":{"start":{"line":61,"column":8},"end":{"line":65,"column":null}},"19":{"start":{"line":62,"column":12},"end":{"line":62,"column":31}},"20":{"start":{"line":63,"column":4},"end":{"line":63,"column":50}},"21":{"start":{"line":64,"column":4},"end":{"line":64,"column":58}},"22":{"start":{"line":67,"column":8},"end":{"line":69,"column":null}},"23":{"start":{"line":68,"column":4},"end":{"line":68,"column":44}},"24":{"start":{"line":71,"column":8},"end":{"line":76,"column":null}},"25":{"start":{"line":72,"column":21},"end":{"line":72,"column":null}},"26":{"start":{"line":72,"column":10},"end":{"line":72,"column":null}},"27":{"start":{"line":73,"column":4},"end":{"line":73,"column":59}},"28":{"start":{"line":74,"column":4},"end":{"line":74,"column":59}},"29":{"start":{"line":75,"column":4},"end":{"line":75,"column":34}},"30":{"start":{"line":78,"column":8},"end":{"line":81,"column":null}},"31":{"start":{"line":79,"column":21},"end":{"line":79,"column":null}},"32":{"start":{"line":79,"column":10},"end":{"line":79,"column":null}},"33":{"start":{"line":80,"column":4},"end":{"line":80,"column":59}},"34":{"start":{"line":83,"column":8},"end":{"line":94,"column":null}},"35":{"start":{"line":84,"column":21},"end":{"line":84,"column":null}},"36":{"start":{"line":84,"column":10},"end":{"line":84,"column":null}},"37":{"start":{"line":85,"column":4},"end":{"line":91,"column":null}},"38":{"start":{"line":85,"column":15},"end":{"line":85,"column":23}},"39":{"start":{"line":86,"column":6},"end":{"line":88,"column":null}},"40":{"start":{"line":87,"column":8},"end":{"line":87,"column":54}},"41":{"start":{"line":90,"column":6},"end":{"line":90,"column":43}},"42":{"start":{"line":93,"column":4},"end":{"line":93,"column":35}},"43":{"start":{"line":95,"column":0},"end":{"line":95,"column":null}},"44":{"start":{"line":97,"column":13},"end":{"line":97,"column":47}},"45":{"start":{"line":98,"column":0},"end":{"line":98,"column":17}},"46":{"start":{"line":100,"column":13},"end":{"line":102,"column":2}},"47":{"start":{"line":101,"column":2},"end":{"line":101,"column":26}},"48":{"start":{"line":104,"column":13},"end":{"line":106,"column":2}},"49":{"start":{"line":104,"column":28},"end":{"line":104,"column":null}},"50":{"start":{"line":105,"column":2},"end":{"line":105,"column":25}},"51":{"start":{"line":108,"column":13},"end":{"line":111,"column":2}},"52":{"start":{"line":109,"column":16},"end":{"line":109,"column":38}},"53":{"start":{"line":110,"column":2},"end":{"line":110,"column":15}}},"fnMap":{"0":{"name":"(anonymous_17)","decl":{"start":{"line":25,"column":28},"end":{"line":25,"column":48}},"loc":{"start":{"line":25,"column":28},"end":{"line":25,"column":49}}},"1":{"name":"(anonymous_18)","decl":{"start":{"line":32,"column":26},"end":{"line":32,"column":44}},"loc":{"start":{"line":32,"column":26},"end":{"line":32,"column":45}}},"2":{"name":"(anonymous_19)","decl":{"start":{"line":38,"column":28},"end":{"line":38,"column":41}},"loc":{"start":{"line":38,"column":28},"end":{"line":38,"column":42}}},"3":{"name":"(anonymous_20)","decl":{"start":{"line":43,"column":0},"end":{"line":43,"column":null}},"loc":{"start":{"line":43,"column":0},"end":{"line":95,"column":null}}},"4":{"name":"Store","decl":{"start":{"line":46,"column":2},"end":{"line":46,"column":14}},"loc":{"start":{"line":46,"column":33},"end":{"line":48,"column":3}}},"5":{"name":"(anonymous_22)","decl":{"start":{"line":50,"column":2},"end":{"line":50,"column":9}},"loc":{"start":{"line":50,"column":2},"end":{"line":52,"column":3}}},"6":{"name":"(anonymous_23)","decl":{"start":{"line":54,"column":2},"end":{"line":54,"column":8}},"loc":{"start":{"line":54,"column":29},"end":{"line":59,"column":null}}},"7":{"name":"(anonymous_26)","decl":{"start":{"line":61,"column":2},"end":{"line":61,"column":8}},"loc":{"start":{"line":61,"column":25},"end":{"line":65,"column":null}}},"8":{"name":"(anonymous_29)","decl":{"start":{"line":67,"column":2},"end":{"line":67,"column":8}},"loc":{"start":{"line":67,"column":2},"end":{"line":69,"column":null}}},"9":{"name":"(anonymous_32)","decl":{"start":{"line":71,"column":2},"end":{"line":71,"column":8}},"loc":{"start":{"line":71,"column":29},"end":{"line":76,"column":null}}},"10":{"name":"(anonymous_35)","decl":{"start":{"line":78,"column":2},"end":{"line":78,"column":8}},"loc":{"start":{"line":78,"column":29},"end":{"line":81,"column":null}}},"11":{"name":"(anonymous_38)","decl":{"start":{"line":83,"column":2},"end":{"line":83,"column":8}},"loc":{"start":{"line":83,"column":2},"end":{"line":94,"column":null}}},"12":{"name":"(anonymous_41)","decl":{"start":{"line":100,"column":28},"end":{"line":100,"column":null}},"loc":{"start":{"line":100,"column":28},"end":{"line":102,"column":1}}},"13":{"name":"(anonymous_42)","decl":{"start":{"line":104,"column":27},"end":{"line":104,"column":28}},"loc":{"start":{"line":104,"column":56},"end":{"line":106,"column":1}}},"14":{"name":"(anonymous_43)","decl":{"start":{"line":108,"column":24},"end":{"line":108,"column":null}},"loc":{"start":{"line":108,"column":24},"end":{"line":111,"column":1}}}},"branchMap":{"0":{"loc":{"start":{"line":55,"column":21},"end":{"line":55,"column":null}},"type":"switch","locations":[{"start":{"line":55,"column":21},"end":{"line":55,"column":null}}]},"1":{"loc":{"start":{"line":72,"column":21},"end":{"line":72,"column":null}},"type":"switch","locations":[{"start":{"line":72,"column":21},"end":{"line":72,"column":null}}]},"2":{"loc":{"start":{"line":79,"column":21},"end":{"line":79,"column":null}},"type":"switch","locations":[{"start":{"line":79,"column":21},"end":{"line":79,"column":null}}]},"3":{"loc":{"start":{"line":84,"column":21},"end":{"line":84,"column":null}},"type":"switch","locations":[{"start":{"line":84,"column":21},"end":{"line":84,"column":null}}]},"4":{"loc":{"start":{"line":86,"column":6},"end":{"line":88,"column":null}},"type":"if","locations":[{"start":{"line":86,"column":6},"end":{"line":88,"column":null}},{"start":{"line":86,"column":6},"end":{"line":88,"column":null}}]},"5":{"loc":{"start":{"line":104,"column":28},"end":{"line":104,"column":null}},"type":"if","locations":[{"start":{"line":104,"column":28},"end":{"line":104,"column":null}},{"start":{"line":104,"column":28},"end":{"line":104,"column":null}}]}},"s":{"0":4,"1":4,"2":4,"3":17,"4":4,"5":17,"6":4,"7":17,"8":4,"9":13,"10":4,"11":37,"12":4,"13":0,"14":0,"15":0,"16":0,"17":0,"18":4,"19":0,"20":0,"21":0,"22":4,"23":0,"24":4,"25":1,"26":1,"27":1,"28":1,"29":1,"30":4,"31":0,"32":0,"33":0,"34":4,"35":8,"36":8,"37":8,"38":16,"39":16,"40":16,"41":16,"42":8,"43":4,"44":4,"45":4,"46":4,"47":0,"48":4,"49":16,"50":9,"51":4,"52":8,"53":8},"f":{"0":17,"1":17,"2":17,"3":4,"4":13,"5":37,"6":0,"7":0,"8":0,"9":1,"10":0,"11":8,"12":0,"13":9,"14":8},"b":{"0":[0],"1":[1],"2":[0],"3":[8],"4":[16,0],"5":[7,2]}}
}
