TN:
SF:src/EditPost.vue
FNF:0
FNH:0
DA:2,1
DA:3,1
DA:4,1
DA:6,1
LF:4
LH:4
BRF:0
BRH:0
end_of_record
TN:
SF:src/Home.vue
FNF:0
FNH:0
DA:2,2
DA:3,2
DA:4,2
DA:6,2
LF:4
LH:4
BRF:0
BRH:0
end_of_record
TN:
SF:src/NewPost.vue
FN:16,(anonymous_14)
FN:34,(anonymous_15)
FNF:2
FNH:2
FNDA:1,(anonymous_14)
FNDA:1,(anonymous_15)
DA:2,2
DA:3,2
DA:5,2
DA:6,2
DA:7,2
DA:9,2
DA:16,1
DA:17,1
DA:18,1
DA:19,1
DA:20,1
DA:24,1
DA:34,1
DA:35,2
DA:36,1
DA:39,1
LF:16
LH:16
BRDA:20,0,0,0
BRDA:20,0,1,1
BRF:2
BRH:1
end_of_record
TN:
SF:src/PostEditor.vue
FN:13,(anonymous_14)
FN:30,(anonymous_17)
FNF:2
FNH:0
FNDA:0,(anonymous_14)
FNDA:0,(anonymous_17)
DA:2,1
DA:3,1
DA:5,1
DA:6,1
DA:8,1
DA:14,0
DA:15,0
DA:16,0
DA:17,0
DA:20,0
DA:23,0
DA:24,0
DA:26,0
DA:27,0
DA:30,0
DA:31,0
DA:32,0
DA:35,0
LF:18
LH:5
BRDA:26,0,0,0
BRDA:26,0,1,0
BRF:2
BRH:0
end_of_record
TN:
SF:src/PostViewer.vue
FN:7,(anonymous_13)
FN:17,(anonymous_16)
FNF:2
FNH:2
FNDA:3,(anonymous_13)
FNDA:3,(anonymous_16)
DA:2,1
DA:3,1
DA:4,1
DA:6,1
DA:8,3
DA:9,3
DA:10,3
DA:13,6
DA:16,3
DA:17,3
DA:19,3
DA:22,3
LF:12
LH:12
BRF:0
BRH:0
end_of_record
TN:
SF:src/PostWriter.vue
FN:18,(anonymous_3)
FN:30,(anonymous_4)
FN:31,(anonymous_5)
FN:36,(anonymous_6)
FN:41,(anonymous_7)
FN:44,(anonymous_8)
FN:48,(anonymous_9)
FN:59,(anonymous_10)
FN:63,(anonymous_11)
FN:65,(anonymous_12)
FNF:10
FNH:7
FNDA:2,(anonymous_3)
FNDA:2,(anonymous_4)
FNDA:0,(anonymous_5)
FNDA:0,(anonymous_6)
FNDA:0,(anonymous_7)
FNDA:1,(anonymous_8)
FNDA:2,(anonymous_9)
FNDA:1,(anonymous_10)
FNDA:3,(anonymous_11)
FNDA:2,(anonymous_12)
DA:2,3
DA:5,3
DA:6,3
DA:7,3
DA:9,3
DA:19,2
DA:21,2
DA:22,2
DA:23,2
DA:24,2
DA:26,2
DA:27,2
DA:29,2
DA:30,4
DA:31,2
DA:32,0
DA:34,0
DA:36,2
DA:37,0
DA:40,2
DA:41,0
DA:44,2
DA:45,1
DA:48,2
DA:49,2
DA:56,2
DA:59,2
DA:60,1
DA:63,5
DA:65,2
DA:66,2
DA:69,2
LF:32
LH:28
BRDA:26,0,0,0
BRDA:26,0,1,2
BRF:2
BRH:1
end_of_record
TN:
SF:src/ShowPost.vue
FNF:0
FNH:0
DA:2,1
DA:3,1
DA:4,1
DA:6,1
LF:4
LH:4
BRF:0
BRH:0
end_of_record
TN:
SF:src/Timeline.vue
FN:14,(anonymous_14)
FN:23,(anonymous_17)
FN:28,(anonymous_18)
FN:29,(anonymous_19)
FN:55,(anonymous_20)
FNF:5
FNH:5
FNDA:4,(anonymous_14)
FNDA:12,(anonymous_17)
FNDA:8,(anonymous_18)
FNDA:24,(anonymous_19)
FNDA:4,(anonymous_20)
DA:2,2
DA:3,2
DA:4,2
DA:7,2
DA:9,2
DA:15,4
DA:16,4
DA:18,4
DA:20,8
DA:23,4
DA:24,12
DA:25,12
DA:28,4
DA:29,8
DA:30,24
DA:34,4
DA:37,20
DA:41,4
DA:44,16
DA:48,6
DA:51,10
DA:55,4
DA:56,4
DA:59,4
LF:24
LH:24
BRDA:30,0,0,4
BRDA:30,0,1,20
BRDA:30,1,0,24
BRDA:30,1,1,12
BRDA:37,2,0,4
BRDA:37,2,1,16
BRDA:37,3,0,20
BRDA:37,3,1,6
BRDA:44,4,0,6
BRDA:44,4,1,10
BRDA:44,5,0,16
BRDA:44,5,1,6
BRF:12
BRH:12
end_of_record
TN:
SF:src/TimelinePost.vue
FN:13,(anonymous_0)
FNF:1
FNH:1
FNDA:8,(anonymous_0)
DA:2,2
DA:5,2
DA:14,8
LF:3
LH:3
BRF:0
BRH:0
end_of_record
TN:
SF:src/mocks.ts
FNF:0
FNH:0
DA:2,3
DA:3,3
DA:4,3
DA:5,3
DA:6,3
DA:7,3
DA:8,3
DA:10,3
DA:20,3
DA:28,3
DA:37,3
DA:46,3
DA:56,3
DA:66,3
LF:14
LH:14
BRF:0
BRH:0
end_of_record
TN:
SF:src/router.ts
FN:43,(anonymous_1)
FN:48,(anonymous_2)
FNF:2
FNH:1
FNDA:3,(anonymous_1)
FNDA:0,(anonymous_2)
DA:1,1
DA:3,1
DA:4,1
DA:5,1
DA:6,1
DA:7,1
DA:9,1
DA:38,1
DA:43,3
DA:48,1
DA:49,0
DA:50,0
DA:54,0
LF:13
LH:10
BRDA:39,0,0,0
BRDA:39,0,1,1
BRDA:49,1,0,0
BRDA:49,1,1,0
BRDA:49,2,0,0
BRDA:49,2,1,0
BRF:6
BRH:1
end_of_record
TN:
SF:src/store.ts
FN:25,(anonymous_17)
FN:32,(anonymous_18)
FN:38,(anonymous_19)
FN:43,(anonymous_20)
FN:46,Store
FN:50,(anonymous_22)
FN:54,(anonymous_23)
FN:61,(anonymous_26)
FN:67,(anonymous_29)
FN:71,(anonymous_32)
FN:78,(anonymous_35)
FN:83,(anonymous_38)
FN:100,(anonymous_41)
FN:104,(anonymous_42)
FN:108,(anonymous_43)
FNF:15
FNH:10
FNDA:17,(anonymous_17)
FNDA:17,(anonymous_18)
FNDA:17,(anonymous_19)
FNDA:4,(anonymous_20)
FNDA:13,Store
FNDA:37,(anonymous_22)
FNDA:0,(anonymous_23)
FNDA:0,(anonymous_26)
FNDA:0,(anonymous_29)
FNDA:1,(anonymous_32)
FNDA:0,(anonymous_35)
FNDA:8,(anonymous_38)
FNDA:0,(anonymous_41)
FNDA:9,(anonymous_42)
FNDA:8,(anonymous_43)
DA:1,4
DA:2,4
DA:25,17
DA:32,17
DA:38,17
DA:43,4
DA:47,13
DA:50,4
DA:51,37
DA:54,4
DA:55,0
DA:56,0
DA:57,0
DA:58,0
DA:61,4
DA:62,0
DA:63,0
DA:64,0
DA:67,4
DA:68,0
DA:71,4
DA:72,1
DA:73,1
DA:74,1
DA:75,1
DA:78,4
DA:79,0
DA:80,0
DA:83,4
DA:84,8
DA:85,16
DA:86,16
DA:87,16
DA:90,16
DA:93,8
DA:95,4
DA:97,4
DA:98,4
DA:100,4
DA:101,0
DA:104,16
DA:105,9
DA:108,4
DA:109,8
DA:110,8
LF:45
LH:34
BRDA:55,0,0,0
BRDA:72,1,0,1
BRDA:79,2,0,0
BRDA:84,3,0,8
BRDA:86,4,0,16
BRDA:86,4,1,0
BRDA:104,5,0,7
BRDA:104,5,1,2
BRF:8
BRH:5
end_of_record
